<?xml version="1.0" encoding="UTF-8"?>
<!-- Generated by org.testng.reporters.JUnitReportReporter -->
<testsuite hostname="DESKTOP-DK68IP8" failures="0" tests="1" name="Test.QDPM.GridTest" time="202.182" errors="0" timestamp="2022-09-08T12:22:33 IST" skipped="0">
  <testcase classname="Test.QDPM.GridTest" name="dockerTest1" time="202.182"/>
  <system-out/>
</testsuite> <!-- Test.QDPM.GridTest -->
